2025-07-27 22:29:14,999 - INFO - iniciando o sistema!
2025-07-27 22:29:15,000 - INFO - criando conexıes!
2025-07-27 22:38:52,934 - INFO - criando conexıes!
2025-07-27 22:38:52,934 - WARNING - criando ou editando a tabela candidatos
2025-07-27 22:38:52,935 - INFO - salvar a sess„o
2025-07-27 22:38:52,935 - INFO - criando conexıes!
2025-07-27 22:39:27,169 - INFO - criando conexıes!
2025-07-27 22:39:27,169 - WARNING - criando ou editando a tabela candidatos
2025-07-27 22:39:27,169 - INFO - salvar a sess„o
2025-07-27 22:39:27,170 - INFO - criando conexıes!
2025-07-27 22:39:27,170 - INFO - Aqui est„o todos os candidatos disponÌveis \U0001f447:
2025-07-27 22:39:27,207 - INFO -  lista de candidatos:
2025-07-27 22:40:18,010 - INFO - InÌcio do processo.
2025-07-27 22:40:18,010 - WARNING - Valor inesperado.
2025-07-27 22:40:18,011 - ERROR - Erro ao conectar.
2025-07-27 22:40:18,011 - CRITICAL - Falha geral no sistema.
2025-07-27 22:40:18,011 - INFO - testando!
2025-07-27 22:40:18,011 - INFO - criando conexıes!
2025-07-27 22:40:18,011 - WARNING - criando ou editando a tabela candidatos
2025-07-27 22:40:18,012 - INFO - salvar a sess„o
2025-07-27 22:40:18,012 - INFO - criando conexıes!
2025-07-27 22:40:18,013 - INFO - Aqui est„o todos os candidatos disponÌveis \U0001f447:
2025-07-27 22:40:18,013 - INFO -  lista de candidatos:
27/07/2025 22:51:05 - DEBUG - iniciando o sistema!
27/07/2025 22:51:05 - DEBUG - criando as conex√µes
27/07/2025 22:51:05 - INFO - criando conex√µes!
27/07/2025 22:51:05 - WARNING - criando ou editando a tabela candidatos
27/07/2025 22:51:05 - INFO - salvar a sess√£o
27/07/2025 22:51:05 - INFO - criando conex√µes!
27/07/2025 22:51:05 - INFO - Aqui est√£o todos os candidatos dispon√≠veis üëá:
27/07/2025 22:51:05 - INFO -  lista de candidatos:
27/07/2025 23:00:52 - DEBUG - iniciando o sistema!
27/07/2025 23:00:52 - DEBUG - criando as conex√µes
27/07/2025 23:00:52 - INFO - criando conex√µes!
27/07/2025 23:00:52 - WARNING - criando ou editando a tabela candidatos
27/07/2025 23:00:52 - INFO - salvar a sess√£o
27/07/2025 23:00:52 - DEBUG - conectando ao base de dados
27/07/2025 23:00:52 - INFO - criando conex√µes!
27/07/2025 23:00:52 - INFO - pegando todos os usu√°rios de candidatos
27/07/2025 23:00:52 - INFO - Aqui est√£o todos os candidatos dispon√≠veis üëá:
27/07/2025 23:00:52 - INFO - üö´ Nenhum candidato ainda cadastrado
27/07/2025 23:00:52 - WARNING - fechando a conex√£o com √† base de dados
27/07/2025 23:03:16 - DEBUG - iniciando o sistema!
27/07/2025 23:03:16 - DEBUG - criando as conex√µes
27/07/2025 23:03:16 - INFO - criando conex√µes!
27/07/2025 23:03:16 - WARNING - criando ou editando a tabela candidatos
27/07/2025 23:03:16 - INFO - salvar a sess√£o
27/07/2025 23:03:16 - INFO - # Alistamento de Candidatos
27/07/2025 23:03:16 - DEBUG - conectando ao base de dados
27/07/2025 23:03:16 - INFO - criando conex√µes!
27/07/2025 23:03:52 - INFO - ‚úÖ Candidatos cadastrado com sucesso!
27/07/2025 23:03:52 - WARNING - fechando as conexoes
27/07/2025 23:03:52 - DEBUG - conectando ao base de dados
27/07/2025 23:03:52 - INFO - criando conex√µes!
27/07/2025 23:03:52 - INFO - pegando todos os usu√°rios de candidatos
27/07/2025 23:03:52 - INFO - Aqui est√£o todos os candidatos dispon√≠veis üëá:
27/07/2025 23:03:52 - INFO -  lista de candidatos:
27/07/2025 23:03:52 - INFO - ID| NOME | TELEFONE | PARTIDO | EMAIL
27/07/2025 23:03:52 - INFO - 1| joshua |921186206|unita|joshuacosta120@gmail.com
27/07/2025 23:03:52 - WARNING - fechando a conex√£o com √† base de dados
27/07/2025 23:22:57 - DEBUG - iniciando o sistema!
27/07/2025 23:22:57 - DEBUG - criando as conex√µes
27/07/2025 23:22:57 - INFO - criando conex√µes!
27/07/2025 23:22:57 - WARNING - criando ou editando a tabela candidatos
27/07/2025 23:22:58 - INFO - salvar a sess√£o
27/07/2025 23:22:58 - INFO - # Alistamento de Candidatos
27/07/2025 23:22:58 - DEBUG - conectando ao base de dados
27/07/2025 23:22:58 - INFO - criando conex√µes!
27/07/2025 23:22:58 - INFO - receber tais dados
27/07/2025 23:30:28 - DEBUG - iniciando o sistema!
27/07/2025 23:30:28 - DEBUG - criando as conex√µes
27/07/2025 23:30:28 - INFO - criando conex√µes!
27/07/2025 23:30:28 - WARNING - criando ou editando a tabela candidatos
27/07/2025 23:30:28 - INFO - salvar a sess√£o
27/07/2025 23:30:28 - INFO - # Alistamento de Candidatos
27/07/2025 23:30:28 - DEBUG - conectando ao base de dados
27/07/2025 23:30:28 - INFO - criando conex√µes!
27/07/2025 23:31:36 - DEBUG - iniciando o sistema!
27/07/2025 23:31:36 - DEBUG - criando as conex√µes
27/07/2025 23:31:36 - INFO - criando conex√µes!
27/07/2025 23:31:36 - WARNING - criando ou editando a tabela candidatos
27/07/2025 23:31:36 - INFO - salvar a sess√£o
27/07/2025 23:31:36 - INFO - # Alistamento de Candidatos
27/07/2025 23:31:36 - DEBUG - conectando ao base de dados
27/07/2025 23:31:36 - INFO - criando conex√µes!
27/07/2025 23:32:08 - DEBUG - iniciando o sistema!
27/07/2025 23:32:08 - DEBUG - criando as conex√µes
27/07/2025 23:32:08 - INFO - criando conex√µes!
27/07/2025 23:32:08 - WARNING - criando ou editando a tabela candidatos
27/07/2025 23:32:08 - INFO - salvar a sess√£o
27/07/2025 23:32:08 - INFO - # Alistamento de Candidatos
27/07/2025 23:32:08 - DEBUG - conectando ao base de dados
27/07/2025 23:32:08 - INFO - criando conex√µes!
27/07/2025 23:32:23 - INFO - ‚úÖ Candidatos cadastrado com sucesso!
27/07/2025 23:32:23 - WARNING - fechando as conexoes
27/07/2025 23:32:23 - INFO - alistamentos de votos
27/07/2025 23:32:23 - DEBUG - criando conex√£o com a base de dados
27/07/2025 23:32:23 - INFO - criando conex√µes!
27/07/2025 23:32:23 - WARNING - criando a tabela votos
27/07/2025 23:32:23 - DEBUG - conectando ao base de dados
27/07/2025 23:32:23 - INFO - criando conex√µes!
27/07/2025 23:32:23 - INFO - pegando todos os usu√°rios de candidatos
27/07/2025 23:32:23 - WARNING - fechando a conex√£o com √† base de dados
27/07/2025 23:32:23 - INFO - mostrar todos os candidatos
27/07/2025 23:32:23 - INFO - mostrar todos dados em votos
27/07/2025 23:34:24 - DEBUG - iniciando o sistema!
27/07/2025 23:34:24 - DEBUG - criando as conex√µes
27/07/2025 23:34:24 - INFO - criando conex√µes!
27/07/2025 23:34:24 - WARNING - criando ou editando a tabela candidatos
27/07/2025 23:34:24 - INFO - salvar a sess√£o
27/07/2025 23:34:24 - INFO - # Alistamento de Candidatos
27/07/2025 23:34:24 - INFO - alistamentos de votos
27/07/2025 23:34:24 - DEBUG - criando conex√£o com a base de dados
27/07/2025 23:34:24 - INFO - criando conex√µes!
27/07/2025 23:34:24 - WARNING - criando a tabela votos
27/07/2025 23:34:24 - DEBUG - conectando ao base de dados
27/07/2025 23:34:24 - INFO - criando conex√µes!
27/07/2025 23:34:24 - INFO - pegando todos os usu√°rios de candidatos
27/07/2025 23:34:24 - WARNING - fechando a conex√£o com √† base de dados
27/07/2025 23:34:24 - INFO - mostrar todos os candidatos
27/07/2025 23:34:24 - INFO - mostrar todos dados em votos
27/07/2025 23:36:20 - DEBUG - iniciando o sistema!
27/07/2025 23:36:20 - DEBUG - criando as conex√µes
27/07/2025 23:36:20 - INFO - criando conex√µes!
27/07/2025 23:36:20 - WARNING - criando ou editando a tabela candidatos
27/07/2025 23:36:20 - INFO - salvar a sess√£o
27/07/2025 23:36:20 - INFO - # Alistamento de Candidatos
27/07/2025 23:36:20 - INFO - alistamentos de votos
27/07/2025 23:36:20 - DEBUG - criando conex√£o com a base de dados
27/07/2025 23:36:20 - INFO - criando conex√µes!
27/07/2025 23:36:20 - WARNING - criando a tabela votos
27/07/2025 23:36:20 - DEBUG - conectando ao base de dados
27/07/2025 23:36:20 - INFO - criando conex√µes!
27/07/2025 23:36:20 - INFO - pegando todos os usu√°rios de candidatos
27/07/2025 23:36:20 - WARNING - fechando a conex√£o com √† base de dados
27/07/2025 23:36:20 - INFO - mostrar todos os candidatos
27/07/2025 23:36:20 - INFO - mostrar todos dados em votos
27/07/2025 23:36:27 - ERROR - ‚ùå Deu erro ao votar, tem que estar na base de dados, ou eleitor j√° votou no eleitor!
27/07/2025 23:36:27 - WARNING - fechando todas as conex√µes com a base de dados
27/07/2025 23:36:37 - DEBUG - iniciando o sistema!
27/07/2025 23:36:37 - DEBUG - criando as conex√µes
27/07/2025 23:36:37 - INFO - criando conex√µes!
27/07/2025 23:36:37 - WARNING - criando ou editando a tabela candidatos
27/07/2025 23:36:37 - INFO - salvar a sess√£o
27/07/2025 23:36:37 - INFO - # Alistamento de Candidatos
27/07/2025 23:36:37 - INFO - alistamentos de votos
27/07/2025 23:36:37 - DEBUG - criando conex√£o com a base de dados
27/07/2025 23:36:37 - INFO - criando conex√µes!
27/07/2025 23:36:37 - WARNING - criando a tabela votos
27/07/2025 23:36:37 - DEBUG - conectando ao base de dados
27/07/2025 23:36:37 - INFO - criando conex√µes!
27/07/2025 23:36:37 - INFO - pegando todos os usu√°rios de candidatos
27/07/2025 23:36:37 - WARNING - fechando a conex√£o com √† base de dados
27/07/2025 23:36:37 - INFO - mostrar todos os candidatos
27/07/2025 23:36:37 - INFO - mostrar todos dados em votos
27/07/2025 23:37:09 - DEBUG - iniciando o sistema!
27/07/2025 23:37:09 - DEBUG - criando as conex√µes
27/07/2025 23:37:09 - INFO - criando conex√µes!
27/07/2025 23:37:09 - WARNING - criando ou editando a tabela candidatos
27/07/2025 23:37:09 - INFO - salvar a sess√£o
27/07/2025 23:37:09 - INFO - # Alistamento de Candidatos
27/07/2025 23:37:09 - INFO - alistamentos de votos
27/07/2025 23:37:09 - DEBUG - criando conex√£o com a base de dados
27/07/2025 23:37:09 - INFO - criando conex√µes!
27/07/2025 23:37:09 - WARNING - criando a tabela votos
27/07/2025 23:37:09 - DEBUG - conectando ao base de dados
27/07/2025 23:37:09 - INFO - criando conex√µes!
27/07/2025 23:37:09 - INFO - pegando todos os usu√°rios de candidatos
27/07/2025 23:37:09 - WARNING - fechando a conex√£o com √† base de dados
27/07/2025 23:37:09 - INFO - mostrar todos os candidatos
27/07/2025 23:37:09 - INFO - mostrar todos dados em votos
27/07/2025 23:43:03 - DEBUG - iniciando o sistema!
27/07/2025 23:43:03 - DEBUG - criando as conex√µes
27/07/2025 23:43:03 - INFO - criando conex√µes!
27/07/2025 23:43:03 - WARNING - criando ou editando a tabela candidatos
27/07/2025 23:43:03 - INFO - salvar a sess√£o
27/07/2025 23:43:03 - INFO - # Alistamento de Candidatos
27/07/2025 23:43:03 - INFO - alistamentos de votos
27/07/2025 23:43:03 - DEBUG - criando conex√£o com a base de dados
27/07/2025 23:43:03 - INFO - criando conex√µes!
27/07/2025 23:43:03 - WARNING - criando a tabela votos
27/07/2025 23:43:03 - DEBUG - conectando ao base de dados
27/07/2025 23:43:03 - INFO - criando conex√µes!
27/07/2025 23:43:03 - INFO - pegando todos os usu√°rios de candidatos
27/07/2025 23:43:03 - WARNING - fechando a conex√£o com √† base de dados
27/07/2025 23:43:03 - INFO - mostrar todos os candidatos
27/07/2025 23:43:03 - INFO - mostrar todos dados em votos
27/07/2025 23:46:31 - DEBUG - iniciando o sistema!
27/07/2025 23:46:31 - DEBUG - criando as conex√µes
27/07/2025 23:46:31 - INFO - criando conex√µes!
27/07/2025 23:46:31 - WARNING - criando ou editando a tabela candidatos
27/07/2025 23:46:31 - INFO - salvar a sess√£o
27/07/2025 23:46:31 - INFO - # Alistamento de Candidatos
27/07/2025 23:46:31 - INFO - alistamentos de votos
27/07/2025 23:46:31 - DEBUG - criando conex√£o com a base de dados
27/07/2025 23:46:31 - INFO - criando conex√µes!
27/07/2025 23:46:31 - WARNING - criando a tabela votos
27/07/2025 23:46:31 - DEBUG - conectando ao base de dados
27/07/2025 23:46:31 - INFO - criando conex√µes!
27/07/2025 23:46:31 - INFO - pegando todos os usu√°rios de candidatos
27/07/2025 23:46:31 - WARNING - fechando a conex√£o com √† base de dados
27/07/2025 23:46:31 - INFO - mostrar todos os candidatos
27/07/2025 23:46:31 - INFO - mostrar todos dados em votos
27/07/2025 23:46:42 - WARNING - fechando todas as conex√µes com a base de dados
27/07/2025 23:48:29 - DEBUG - iniciando o sistema!
27/07/2025 23:48:29 - DEBUG - criando as conex√µes
27/07/2025 23:48:29 - INFO - criando conex√µes!
27/07/2025 23:48:29 - WARNING - criando ou editando a tabela candidatos
27/07/2025 23:48:29 - INFO - salvar a sess√£o
27/07/2025 23:48:29 - INFO - # Alistamento de Candidatos
27/07/2025 23:48:29 - INFO - alistamentos de votos
27/07/2025 23:48:29 - DEBUG - criando conex√£o com a base de dados
27/07/2025 23:48:29 - INFO - criando conex√µes!
27/07/2025 23:48:29 - WARNING - criando a tabela votos
27/07/2025 23:48:29 - DEBUG - conectando ao base de dados
27/07/2025 23:48:29 - INFO - criando conex√µes!
27/07/2025 23:48:29 - INFO - pegando todos os usu√°rios de candidatos
27/07/2025 23:48:29 - WARNING - fechando a conex√£o com √† base de dados
27/07/2025 23:48:29 - INFO - mostrar todos os candidatos
27/07/2025 23:48:29 - INFO - mostrar todos dados em votos
27/07/2025 23:48:39 - WARNING - fechando todas as conex√µes com a base de dados
27/07/2025 23:49:02 - DEBUG - iniciando o sistema!
27/07/2025 23:49:02 - DEBUG - criando as conex√µes
27/07/2025 23:49:02 - INFO - criando conex√µes!
27/07/2025 23:49:02 - WARNING - criando ou editando a tabela candidatos
27/07/2025 23:49:02 - INFO - salvar a sess√£o
27/07/2025 23:49:02 - INFO - # Alistamento de Candidatos
27/07/2025 23:49:02 - INFO - alistamentos de votos
27/07/2025 23:49:02 - DEBUG - criando conex√£o com a base de dados
27/07/2025 23:49:02 - INFO - criando conex√µes!
27/07/2025 23:49:02 - WARNING - criando a tabela votos
27/07/2025 23:49:02 - DEBUG - conectando ao base de dados
27/07/2025 23:49:02 - INFO - criando conex√µes!
27/07/2025 23:49:02 - INFO - pegando todos os usu√°rios de candidatos
27/07/2025 23:49:02 - WARNING - fechando a conex√£o com √† base de dados
27/07/2025 23:49:02 - INFO - mostrar todos os candidatos
27/07/2025 23:49:02 - INFO - mostrar todos dados em votos
27/07/2025 23:50:00 - DEBUG - iniciando o sistema!
27/07/2025 23:50:00 - DEBUG - criando as conex√µes
27/07/2025 23:50:00 - INFO - criando conex√µes!
27/07/2025 23:50:00 - WARNING - criando ou editando a tabela candidatos
27/07/2025 23:50:00 - INFO - salvar a sess√£o
27/07/2025 23:50:00 - INFO - # Alistamento de Candidatos
27/07/2025 23:50:00 - INFO - alistamentos de votos
27/07/2025 23:50:00 - DEBUG - criando conex√£o com a base de dados
27/07/2025 23:50:00 - INFO - criando conex√µes!
27/07/2025 23:50:00 - WARNING - criando a tabela votos
27/07/2025 23:50:00 - DEBUG - conectando ao base de dados
27/07/2025 23:50:00 - INFO - criando conex√µes!
27/07/2025 23:50:00 - INFO - pegando todos os usu√°rios de candidatos
27/07/2025 23:50:00 - WARNING - fechando a conex√£o com √† base de dados
27/07/2025 23:50:00 - INFO - mostrar todos os candidatos
27/07/2025 23:50:00 - INFO - mostrar todos dados em votos
27/07/2025 23:50:29 - DEBUG - iniciando o sistema!
27/07/2025 23:50:29 - DEBUG - criando as conex√µes
27/07/2025 23:50:29 - INFO - criando conex√µes!
27/07/2025 23:50:29 - WARNING - criando ou editando a tabela candidatos
27/07/2025 23:50:29 - INFO - salvar a sess√£o
27/07/2025 23:50:29 - INFO - # Alistamento de Candidatos
27/07/2025 23:50:29 - INFO - alistamentos de votos
27/07/2025 23:50:29 - DEBUG - criando conex√£o com a base de dados
27/07/2025 23:50:29 - INFO - criando conex√µes!
27/07/2025 23:50:29 - WARNING - criando a tabela votos
27/07/2025 23:50:29 - DEBUG - conectando ao base de dados
27/07/2025 23:50:29 - INFO - criando conex√µes!
27/07/2025 23:50:29 - INFO - pegando todos os usu√°rios de candidatos
27/07/2025 23:50:29 - WARNING - fechando a conex√£o com √† base de dados
27/07/2025 23:50:29 - INFO - mostrar todos os candidatos
27/07/2025 23:50:29 - INFO - mostrar todos dados em votos
27/07/2025 23:51:16 - DEBUG - iniciando o sistema!
27/07/2025 23:51:16 - DEBUG - criando as conex√µes
27/07/2025 23:51:16 - INFO - criando conex√µes!
27/07/2025 23:51:16 - WARNING - criando ou editando a tabela candidatos
27/07/2025 23:51:16 - INFO - salvar a sess√£o
27/07/2025 23:51:16 - INFO - # Alistamento de Candidatos
27/07/2025 23:51:16 - INFO - alistamentos de votos
27/07/2025 23:51:16 - DEBUG - criando conex√£o com a base de dados
27/07/2025 23:51:16 - INFO - criando conex√µes!
27/07/2025 23:51:16 - WARNING - criando a tabela votos
27/07/2025 23:51:16 - DEBUG - conectando ao base de dados
27/07/2025 23:51:16 - INFO - criando conex√µes!
27/07/2025 23:51:16 - INFO - pegando todos os usu√°rios de candidatos
27/07/2025 23:51:16 - WARNING - fechando a conex√£o com √† base de dados
27/07/2025 23:51:16 - INFO - mostrar todos os candidatos
27/07/2025 23:51:16 - INFO - mostrar todos dados em votos
27/07/2025 23:51:25 - WARNING - fechando todas as conex√µes com a base de dados
27/07/2025 23:58:05 - DEBUG - iniciando o sistema!
27/07/2025 23:58:05 - DEBUG - criando as conex√µes
27/07/2025 23:58:05 - INFO - criando conex√µes!
27/07/2025 23:58:05 - WARNING - criando ou editando a tabela candidatos
27/07/2025 23:58:05 - INFO - salvar a sess√£o
27/07/2025 23:58:05 - INFO - # Alistamento de Candidatos
27/07/2025 23:58:05 - INFO - alistamentos de votos
27/07/2025 23:58:05 - DEBUG - criando conex√£o com a base de dados
27/07/2025 23:58:05 - INFO - criando conex√µes!
27/07/2025 23:58:05 - WARNING - criando a tabela votos
27/07/2025 23:58:05 - DEBUG - conectando ao base de dados
27/07/2025 23:58:05 - INFO - criando conex√µes!
27/07/2025 23:58:05 - INFO - pegando todos os usu√°rios de candidatos
27/07/2025 23:58:05 - WARNING - fechando a conex√£o com √† base de dados
27/07/2025 23:58:05 - INFO - mostrar todos os candidatos
27/07/2025 23:58:05 - INFO - mostrar todos dados em votos
27/07/2025 23:59:14 - DEBUG - iniciando o sistema!
27/07/2025 23:59:14 - DEBUG - criando as conex√µes
27/07/2025 23:59:14 - INFO - criando conex√µes!
27/07/2025 23:59:14 - WARNING - criando ou editando a tabela candidatos
27/07/2025 23:59:14 - INFO - salvar a sess√£o
27/07/2025 23:59:14 - INFO - # Alistamento de Candidatos
27/07/2025 23:59:14 - INFO - alistamentos de votos
27/07/2025 23:59:14 - DEBUG - criando conex√£o com a base de dados
27/07/2025 23:59:14 - INFO - criando conex√µes!
27/07/2025 23:59:14 - WARNING - criando a tabela votos
27/07/2025 23:59:14 - DEBUG - conectando ao base de dados
27/07/2025 23:59:14 - INFO - criando conex√µes!
27/07/2025 23:59:14 - INFO - pegando todos os usu√°rios de candidatos
27/07/2025 23:59:14 - WARNING - fechando a conex√£o com √† base de dados
27/07/2025 23:59:14 - INFO - mostrar todos os candidatos
27/07/2025 23:59:14 - INFO - mostrar todos dados em votos
28/07/2025 00:00:05 - DEBUG - iniciando o sistema!
28/07/2025 00:00:05 - DEBUG - criando as conex√µes
28/07/2025 00:00:05 - INFO - criando conex√µes!
28/07/2025 00:00:05 - WARNING - criando ou editando a tabela candidatos
28/07/2025 00:00:05 - INFO - salvar a sess√£o
28/07/2025 00:00:05 - INFO - # Alistamento de Candidatos
28/07/2025 00:00:05 - INFO - alistamentos de votos
28/07/2025 00:00:05 - DEBUG - criando conex√£o com a base de dados
28/07/2025 00:00:05 - INFO - criando conex√µes!
28/07/2025 00:00:05 - WARNING - criando a tabela votos
28/07/2025 00:00:05 - DEBUG - conectando ao base de dados
28/07/2025 00:00:05 - INFO - criando conex√µes!
28/07/2025 00:00:05 - INFO - pegando todos os usu√°rios de candidatos
28/07/2025 00:00:05 - WARNING - fechando a conex√£o com √† base de dados
28/07/2025 00:00:05 - INFO - mostrar todos os candidatos
28/07/2025 00:00:05 - INFO - mostrar todos dados em votos
28/07/2025 00:00:56 - DEBUG - iniciando o sistema!
28/07/2025 00:00:56 - DEBUG - criando as conex√µes
28/07/2025 00:00:56 - INFO - criando conex√µes!
28/07/2025 00:00:56 - WARNING - criando ou editando a tabela candidatos
28/07/2025 00:00:56 - INFO - salvar a sess√£o
28/07/2025 00:00:56 - INFO - # Alistamento de Candidatos
28/07/2025 00:00:56 - INFO - alistamentos de votos
28/07/2025 00:00:56 - DEBUG - criando conex√£o com a base de dados
28/07/2025 00:00:56 - INFO - criando conex√µes!
28/07/2025 00:00:56 - WARNING - criando a tabela votos
28/07/2025 00:00:56 - DEBUG - conectando ao base de dados
28/07/2025 00:00:56 - INFO - criando conex√µes!
28/07/2025 00:00:56 - INFO - pegando todos os usu√°rios de candidatos
28/07/2025 00:00:56 - WARNING - fechando a conex√£o com √† base de dados
28/07/2025 00:00:56 - INFO - mostrar todos os candidatos
28/07/2025 00:00:56 - INFO - mostrar todos dados em votos
28/07/2025 00:09:10 - DEBUG - iniciando o sistema!
28/07/2025 00:09:10 - DEBUG - criando as conex√µes
28/07/2025 00:09:10 - INFO - criando conex√µes!
28/07/2025 00:09:10 - WARNING - criando ou editando a tabela candidatos
28/07/2025 00:09:10 - INFO - salvar a sess√£o
28/07/2025 00:09:10 - INFO - # Alistamento de Candidatos
28/07/2025 00:09:10 - INFO - alistamentos de votos
28/07/2025 00:09:10 - DEBUG - criando conex√£o com a base de dados
28/07/2025 00:09:10 - INFO - criando conex√µes!
28/07/2025 00:09:10 - WARNING - criando a tabela votos
28/07/2025 00:09:10 - DEBUG - conectando ao base de dados
28/07/2025 00:09:10 - INFO - criando conex√µes!
28/07/2025 00:09:10 - INFO - pegando todos os usu√°rios de candidatos
28/07/2025 00:09:10 - WARNING - fechando a conex√£o com √† base de dados
28/07/2025 00:09:10 - INFO - üîé Buscando todos os candidatos
28/07/2025 00:09:10 - INFO - üîé Buscando todos os votos
28/07/2025 00:09:24 - INFO - ‚úÖ Voto registrado com sucesso: Paulo votou em Joshua.
28/07/2025 00:09:24 - WARNING - ‚ö†Ô∏è Fechando a conex√£o com a base de dados.
28/07/2025 00:09:24 - WARNING - fechando todas as conex√µes com a base de dados
28/07/2025 00:09:47 - DEBUG - iniciando o sistema!
28/07/2025 00:09:47 - DEBUG - criando as conex√µes
28/07/2025 00:09:47 - INFO - criando conex√µes!
28/07/2025 00:09:47 - WARNING - criando ou editando a tabela candidatos
28/07/2025 00:09:47 - INFO - salvar a sess√£o
28/07/2025 00:09:47 - INFO - # Alistamento de Candidatos
28/07/2025 00:09:47 - INFO - alistamentos de votos
28/07/2025 00:09:47 - DEBUG - criando conex√£o com a base de dados
28/07/2025 00:09:47 - INFO - criando conex√µes!
28/07/2025 00:09:47 - WARNING - criando a tabela votos
28/07/2025 00:09:47 - DEBUG - conectando ao base de dados
28/07/2025 00:09:47 - INFO - criando conex√µes!
28/07/2025 00:09:47 - INFO - pegando todos os usu√°rios de candidatos
28/07/2025 00:09:47 - WARNING - fechando a conex√£o com √† base de dados
28/07/2025 00:09:47 - INFO - üîé Buscando todos os candidatos
28/07/2025 00:09:47 - INFO - üîé Buscando todos os votos
28/07/2025 00:10:02 - WARNING - ‚ö†Ô∏è Eleitor 'Paulo' j√° votou.
28/07/2025 00:10:02 - WARNING - fechando todas as conex√µes com a base de dados
01/08/2025 23:40:34 - DEBUG - iniciando o sistema!
01/08/2025 23:41:26 - DEBUG - iniciando o sistema!
01/08/2025 23:41:40 - DEBUG - iniciando o sistema!
01/08/2025 23:41:51 - DEBUG - iniciando o sistema!
02/08/2025 00:05:36 - DEBUG - iniciando o sistema!
02/08/2025 00:06:13 - INFO - Criando conex√µes
02/08/2025 00:06:13 - INFO - criando conex√µes!
02/08/2025 00:07:13 - DEBUG - iniciando o sistema!
02/08/2025 00:07:16 - INFO - Criando conex√µes
02/08/2025 00:07:16 - INFO - criando conex√µes!
02/08/2025 00:08:02 - DEBUG - iniciando o sistema!
02/08/2025 00:08:05 - INFO - Criando conex√µes
02/08/2025 00:08:05 - INFO - criando conex√µes!
02/08/2025 00:09:31 - DEBUG - iniciando o sistema!
02/08/2025 00:10:06 - DEBUG - iniciando o sistema!
02/08/2025 00:10:09 - INFO - Criando conex√µes
02/08/2025 00:10:09 - INFO - criando conex√µes!
02/08/2025 00:10:09 - INFO - salvar as sess√µes
02/08/2025 00:10:09 - WARNING - fechar as conex√µes
02/08/2025 00:11:11 - DEBUG - iniciando o sistema!
02/08/2025 00:11:14 - INFO - Criando conex√µes
02/08/2025 00:11:14 - INFO - criando conex√µes!
02/08/2025 00:11:14 - INFO - salvar as sess√µes
02/08/2025 00:11:14 - INFO - criando conex√µes!
02/08/2025 00:11:34 - WARNING - fechar as conex√µes
02/08/2025 00:19:08 - DEBUG - iniciando o sistema!
02/08/2025 00:19:08 - DEBUG - criando conex√£o com a base de dados
02/08/2025 00:19:08 - INFO - criando conex√µes!
02/08/2025 00:19:08 - WARNING - criando a tabela votos
02/08/2025 00:20:36 - DEBUG - iniciando o sistema!
02/08/2025 00:20:36 - DEBUG - criando conex√£o com a base de dados
02/08/2025 00:20:36 - INFO - criando conex√µes!
02/08/2025 00:20:36 - WARNING - criando a tabela votos
02/08/2025 00:20:36 - DEBUG - conectando ao base de dados
02/08/2025 00:20:36 - INFO - criando conex√µes!
02/08/2025 00:20:36 - INFO - pegando todos os usu√°rios de candidatos
02/08/2025 00:20:36 - WARNING - fechando a conex√£o com √† base de dados
02/08/2025 00:20:36 - INFO - üîé Buscando todos os candidatos
02/08/2025 00:20:36 - INFO - üîé Buscando todos os votos
02/08/2025 00:20:36 - INFO - üîé Buscando todos os eleitores
02/08/2025 00:21:42 - ERROR - ‚ùå eleitor 'Joao' n√£o est√° na base de dados!
02/08/2025 00:21:52 - DEBUG - iniciando o sistema!
02/08/2025 00:21:52 - DEBUG - criando conex√£o com a base de dados
02/08/2025 00:21:52 - INFO - criando conex√µes!
02/08/2025 00:21:52 - WARNING - criando a tabela votos
02/08/2025 00:21:52 - DEBUG - conectando ao base de dados
02/08/2025 00:21:52 - INFO - criando conex√µes!
02/08/2025 00:21:52 - INFO - pegando todos os usu√°rios de candidatos
02/08/2025 00:21:52 - WARNING - fechando a conex√£o com √† base de dados
02/08/2025 00:21:52 - INFO - üîé Buscando todos os candidatos
02/08/2025 00:21:52 - INFO - üîé Buscando todos os votos
02/08/2025 00:21:52 - INFO - üîé Buscando todos os eleitores
02/08/2025 00:22:00 - INFO - ‚úÖ Voto registrado com sucesso: Hugo votou em Joshua.
02/08/2025 00:22:00 - WARNING - ‚ö†Ô∏è Fechando a conex√£o com a base de dados.
02/08/2025 00:24:33 - DEBUG - iniciando o sistema!
02/08/2025 00:24:33 - DEBUG - criando conex√£o com a base de dados
02/08/2025 00:24:33 - INFO - criando conex√µes!
02/08/2025 00:24:33 - WARNING - criando a tabela votos
02/08/2025 00:24:33 - DEBUG - conectando ao base de dados
02/08/2025 00:24:33 - INFO - criando conex√µes!
02/08/2025 00:24:33 - INFO - pegando todos os usu√°rios de candidatos
02/08/2025 00:24:33 - WARNING - fechando a conex√£o com √† base de dados
02/08/2025 00:24:33 - INFO - üîé Buscando todos os candidatos
02/08/2025 00:24:33 - INFO - üîé Buscando todos os votos
02/08/2025 00:24:33 - INFO - üîé Buscando todos os eleitores
02/08/2025 00:24:44 - WARNING - ‚ö†Ô∏è Eleitor 'Hugo' j√° votou.
02/08/2025 00:27:18 - DEBUG - iniciando o sistema!
02/08/2025 00:27:18 - DEBUG - criando conex√£o com a base de dados
02/08/2025 00:27:18 - INFO - criando conex√µes!
02/08/2025 00:27:18 - WARNING - criando a tabela votos
02/08/2025 00:27:18 - DEBUG - conectando ao base de dados
02/08/2025 00:27:18 - INFO - criando conex√µes!
02/08/2025 00:27:18 - INFO - pegando todos os usu√°rios de candidatos
02/08/2025 00:27:18 - WARNING - fechando a conex√£o com √† base de dados
02/08/2025 00:27:18 - INFO - üîé Buscando todos os candidatos
02/08/2025 00:27:18 - INFO - üîé Buscando todos os votos
02/08/2025 00:27:18 - INFO - üîé Buscando todos os eleitores
02/08/2025 00:27:51 - ERROR - ‚ùå Candidato '& c:/users/pc/appdata/local/programs/python/python313/python.exe "c:/users/pc/desktop/aula database/projecto_voto/index.py"' n√£o est√° na base de dados!
02/08/2025 00:27:58 - DEBUG - iniciando o sistema!
02/08/2025 00:27:58 - INFO - Criando conex√µes
02/08/2025 00:27:58 - INFO - criando conex√µes!
02/08/2025 00:27:58 - INFO - salvar as sess√µes
02/08/2025 00:27:58 - INFO - criando conex√µes!
02/08/2025 00:28:15 - DEBUG - criando conex√£o com a base de dados
02/08/2025 00:28:15 - INFO - criando conex√µes!
02/08/2025 00:28:15 - WARNING - criando a tabela votos
02/08/2025 00:28:15 - DEBUG - conectando ao base de dados
02/08/2025 00:28:15 - INFO - criando conex√µes!
02/08/2025 00:28:15 - INFO - pegando todos os usu√°rios de candidatos
02/08/2025 00:28:15 - WARNING - fechando a conex√£o com √† base de dados
02/08/2025 00:28:15 - INFO - üîé Buscando todos os candidatos
02/08/2025 00:28:15 - INFO - üîé Buscando todos os votos
02/08/2025 00:28:15 - INFO - üîé Buscando todos os eleitores
02/08/2025 00:28:32 - INFO - ‚úÖ Voto registrado com sucesso: Kailany votou em Joshua.
02/08/2025 00:28:32 - WARNING - ‚ö†Ô∏è Fechando a conex√£o com a base de dados.
02/08/2025 00:28:32 - WARNING - fechar as conex√µes
